Error al procesar la solicitud: name 'Conversation' is not defined
Intentando crear tablas...
Intento de creación de tablas finalizado.
Error al procesar la solicitud: (sqlite3.OperationalError) database is locked
[SQL: INSERT INTO conversation (session_id, role, is_question, content, created_at, updated_at, tema_entrevista) VALUES (?, ?, ?, ?, ?, ?, ?)]
[parameters: ('8761e138-d215-47fe-a820-42be55b8dbb5', 'user', 0, 'buenas tardes', '2024-05-05 11:04:01.175853', '2024-05-05 11:04:01.175853', None)]
(Background on this error at: https://sqlalche.me/e/20/e3q8)
Intentando crear tablas...
Intento de creación de tablas finalizado.
Error al procesar la solicitud: name 'sqlalchemy' is not defined
Intentando crear tablas...
Intento de creación de tablas finalizado.
Error al procesar la solicitud: name 'sqlalchemy' is not defined
Intentando crear tablas...
Intento de creación de tablas finalizado.
Error al procesar la solicitud: name 'sqlalchemy' is not defined
Intentando crear tablas...
Intento de creación de tablas finalizado.
Database lock encountered, retrying...
Error al procesar la solicitud: (sqlite3.OperationalError) database is locked
[SQL: INSERT INTO conversation (session_id, role, is_question, content, created_at, updated_at, tema_entrevista) VALUES (?, ?, ?, ?, ?, ?, ?)]
[parameters: ('c16a3b17-8d65-4882-a19b-843c84ef4c45', 'user', 0, 'buenas ', '2024-05-05 11:23:01.084944', '2024-05-05 11:23:01.084944', None)]
(Background on this error at: https://sqlalche.me/e/20/e3q8)
Intentando crear tablas...
Intentando crear tablas...
Intento de creación de tablas finalizado.
Intentando crear tablas...
Intento de creación de tablas finalizado.
Intentando crear tablas...
Intento de creación de tablas finalizado.
Intentando crear tablas...
Intento de creación de tablas finalizado.
Intentando crear tablas...
Intento de creación de tablas finalizado.
Error al procesar la solicitud: name 'Conversation' is not defined
Intentando crear tablas...
Intento de creación de tablas finalizado.
Error al procesar la solicitud: name 'db' is not defined
Intentando crear tablas...
Intento de creación de tablas finalizado.
Error al procesar la solicitud: name 'update_tema_entrevista' is not defined
Intentando crear tablas...
Intento de creación de tablas finalizado.
Error al procesar la solicitud: name 'app' is not defined
Intentando crear tablas...
Intento de creación de tablas finalizado.
Error al procesar la solicitud: name 'app' is not defined
Intentando crear tablas...
Intento de creación de tablas finalizado.
Intentando crear tablas...
Intento de creación de tablas finalizado.
Intentando crear tablas...
Intento de creación de tablas finalizado.
Intentando crear tablas...
Intento de creación de tablas finalizado.
Intentando crear tablas...
Intento de creación de tablas finalizado.
Intentando crear tablas...
Intento de creación de tablas finalizado.
Error al procesar la solicitud: not enough values to unpack (expected 3, got 2)
Intentando crear tablas...
Intento de creación de tablas finalizado.
Intentando crear tablas...
Intento de creación de tablas finalizado.
Intentando crear tablas...
Intento de creación de tablas finalizado.
Intentando crear tablas...
Intento de creación de tablas finalizado.
Intentando crear tablas...
Intento de creación de tablas finalizado.
